Build started 5/5/2015 5:55:52 PM.
     1>Project "C:\Users\Julien\documents\visual studio 2013\Projects\Game\Game\Game.vcxproj" on node 2 (Build target(s)).
     1>ClCompile:
         C:\Program Files (x86)\Microsoft Visual Studio 12.0\VC\bin\CL.exe /c /ZI /nologo /W3 /WX- /sdl /Od /Oy- /D GLEW_STATIC /D _MBCS /Gm /EHsc /RTC1 /MDd /GS /fp:precise /Zc:wchar_t /Zc:forScope /Fo"Debug\\" /Fd"Debug\vc120.pdb" /Gd /TP /analyze- /errorReport:prompt Source\math\Camera.cpp
         Camera.cpp
       Link:
         C:\Program Files (x86)\Microsoft Visual Studio 12.0\VC\bin\link.exe /ERRORREPORT:PROMPT /OUT:"C:\Users\Julien\documents\visual studio 2013\Projects\Game\Debug\Game.exe" /INCREMENTAL /NOLOGO glfw3.lib glew32s.lib opengl32.lib kernel32.lib user32.lib gdi32.lib winspool.lib comdlg32.lib advapi32.lib shell32.lib ole32.lib oleaut32.lib uuid.lib odbc32.lib odbccp32.lib /MANIFEST /MANIFESTUAC:"level='asInvoker' uiAccess='false'" /manifest:embed /DEBUG /PDB:"C:\Users\Julien\documents\visual studio 2013\Projects\Game\Debug\Game.pdb" /SUBSYSTEM:CONSOLE /TLBID:1 /DYNAMICBASE /NXCOMPAT /IMPLIB:"C:\Users\Julien\documents\visual studio 2013\Projects\Game\Debug\Game.lib" /MACHINE:X86 Debug\Debug.obj
         Debug\Log.obj
         Debug\Model.obj
         Debug\RenderingEngine.obj
         Debug\Shader.obj
         Debug\Texture.obj
         Debug\Input.obj
         Debug\ResourceLoader.obj
         Debug\Main.obj
         Debug\Camera.obj
         Debug\Mat4.obj
         Debug\Vec2.obj
         Debug\Vec3.obj
         Debug\Vec4.obj
         Debug\Window.obj
         Debug\WindowProperties.obj
         Debug\BumpSphere.obj
         Debug\Chunk.obj
         Debug\QuadTree.obj
         Debug\Space.obj
         Debug\Noise.obj
         Debug\ThreadPool.obj
         Game.vcxproj -> C:\Users\Julien\documents\visual studio 2013\Projects\Game\Debug\Game.exe
     1>Done Building Project "C:\Users\Julien\documents\visual studio 2013\Projects\Game\Game\Game.vcxproj" (Build target(s)).

Build succeeded.

Time Elapsed 00:00:00.50
